

> @hsk/web@1.0.0 build /Users/aphchat/Coding Year 1/VERCEL HACKATHON/apps/web
> next build

  [1m[38;2;173;127;168m▲ Next.js 14.2.18[39m[22m
  - Environments: .env.local

 [37m[1m [22m[39m Creating an optimized production build ...

warn - The class `duration-[1500ms]` is ambiguous and matches multiple utilities.
warn - If this is content and not a class, replace it with `duration-&lsqb;1500ms&rsqb;` to silence this warning.
 [32m[1m✓[22m[39m Compiled successfully
[?25l [37m[1m [22m[39m Linting and checking validity of types  [36m.[39m[2K[1G[1A[2K[1G[1A[2K[1G [37m[1m [22m[39m Linting and checking validity of types  [36m..[39m[2K[1G[1A[2K[1G[1A[2K[1G [37m[1m [22m[39m Linting and checking validity of types  [36m...[39m[2K[1G[1A[2K[1G[1A[2K[1G [37m[1m [22m[39m Linting and checking validity of types  [36m.[39m[2K[1G[1A[2K[1G[1A[2K[1G [37m[1m [22m[39m Linting and checking validity of types  [36m..[39m[2K[1G[1A[2K[1G[1A[2K[1G [37m[1m [22m[39m Linting and checking validity of types  [36m...[39m[2K[1G[1A[2K[1G[1A[2K[1G [37m[1m [22m[39m Linting and checking validity of types  [36m.[39m[2K[1G[1A[2K[1G[1A[2K[1G [37m[1m [22m[39m Linting and checking validity of types  [36m..[39m[2K[1G[1A[2K[1G[1A[2K[1G [37m[1m [22m[39m Linting and checking validity of types  [36m...[39m[2K[1G[1A[2K[1G[1A[2K[1G [37m[1m [22m[39m Linting and checking validity of types  [36m.[39m[2K[1G[1A[2K[1G[1A[2K[1G [37m[1m [22m[39m Linting and checking validity of types  [36m..[39m[2K[1G[1A[2K[1G[1A[2K[1G [37m[1m [22m[39m Linting and checking validity of types  [36m...[39m[2K[1G[1A[2K[1G[1A[2K[1G [37m[1m [22m[39m Linting and checking validity of types  [36m.[39m[2K[1G[1A[2K[1G[1A[2K[1G [37m[1m [22m[39m Linting and checking validity of types  [36m..[39m[2K[1G[1A[2K[1G[1A[2K[1G [37m[1m [22m[39m Linting and checking validity of types  [36m...[39m[2K[1G[1A[2K[1G[1A[2K[1G[?25h [37m[1m [22m[39m Linting and checking validity of types     [32m[1m✓[22m[39m Linting and checking validity of types 
[?25l [37m[1m [22m[39m Collecting page data  [36m.[39m[2K[1G[1A[2K[1G [37m[1m [22m[39m Collecting page data  [36m..[39m[2K[1G[1A[2K[1G [37m[1m [22m[39m Collecting page data  [36m...[39m[2K[1G[1A[2K[1G [37m[1m [22m[39m Collecting page data  [36m.[39m[2K[1G[1A[2K[1G[?25h [37m[1m [22m[39m Collecting page data     [32m[1m✓[22m[39m Collecting page data 
[?25l [37m[1m [22m[39m Generating static pages (0/16)  [36m[    ][39m[2K[1G[1A[2K[1G [37m[1m [22m[39m Generating static pages (0/16)  [36m[=   ][39m[2K[1G[1A[2K[1G[?25h [32m[1m✓[22m[39m Generating static pages (16/16)
[?25l [37m[1m [22m[39m Finalizing page optimization  [36m.[39m[?25l [37m[1m [22m[39m Collecting build traces  [36m.[39m[2K[1G[1A[2K[1G [37m[1m [22m[39m Finalizing page optimization  [36m..[39m[2K[1G[1A[2K[1G [37m[1m [22m[39m Collecting build traces  [36m..[39m[2K[1G[1A[2K[1G [37m[1m [22m[39m Finalizing page optimization  [36m...[39m[2K[1G[1A[2K[1G [37m[1m [22m[39m Collecting build traces  [36m...[39m[2K[1G[1A[2K[1G [37m[1m [22m[39m Finalizing page optimization  [36m.[39m[2K[1G[1A[2K[1G [37m[1m [22m[39m Collecting build traces  [36m.[39m[2K[1G[1A[2K[1G [37m[1m [22m[39m Finalizing page optimization  [36m..[39m[2K[1G[1A[2K[1G [37m[1m [22m[39m Collecting build traces  [36m..[39m[2K[1G[1A[2K[1G [37m[1m [22m[39m Finalizing page optimization  [36m...[39m[2K[1G[1A[2K[1G [37m[1m [22m[39m Collecting build traces  [36m...[39m[2K[1G[1A[2K[1G [37m[1m [22m[39m Finalizing page optimization  [36m.[39m[2K[1G[1A[2K[1G [37m[1m [22m[39m Collecting build traces  [36m.[39m[2K[1G[1A[2K[1G [37m[1m [22m[39m Finalizing page optimization  [36m..[39m[2K[1G[1A[2K[1G [37m[1m [22m[39m Collecting build traces  [36m..[39m[2K[1G[1A[2K[1G [37m[1m [22m[39m Finalizing page optimization  [36m...[39m[2K[1G[1A[2K[1G [37m[1m [22m[39m Collecting build traces  [36m...[39m[2K[1G[1A[2K[1G [37m[1m [22m[39m Finalizing page optimization  [36m.[39m[2K[1G[1A[2K[1G [37m[1m [22m[39m Collecting build traces  [36m.[39m[2K[1G[1A[2K[1G [37m[1m [22m[39m Finalizing page optimization  [36m..[39m[2K[1G[1A[2K[1G [37m[1m [22m[39m Collecting build traces  [36m..[39m[2K[1G[1A[2K[1G [37m[1m [22m[39m Finalizing page optimization  [36m...[39m[2K[1G[1A[2K[1G [37m[1m [22m[39m Collecting build traces  [36m...[39m[2K[1G[1A[2K[1G [37m[1m [22m[39m Finalizing page optimization  [36m.[39m[2K[1G[1A[2K[1G [37m[1m [22m[39m Collecting build traces  [36m.[39m[2K[1G[1A[2K[1G [37m[1m [22m[39m Finalizing page optimization  [36m..[39m[2K[1G[1A[2K[1G [37m[1m [22m[39m Collecting build traces  [36m..[39m[2K[1G[1A[2K[1G [37m[1m [22m[39m Finalizing page optimization  [36m...[39m[2K[1G[1A[2K[1G [37m[1m [22m[39m Collecting build traces  [36m...[39m[2K[1G[1A[2K[1G[?25h [37m[1m [22m[39m Collecting build traces     [32m[1m✓[22m[39m Collecting build traces 
[2K[1G[1A[2K[1G[?25h [37m[1m [22m[39m Finalizing page optimization     [32m[1m✓[22m[39m Finalizing page optimization 

[4mRoute (app)[24m                              [4mSize[24m     [4mFirst Load JS[24m
┌ ○ /                                    2.39 kB        [37m[1m97.5 kB[22m[39m
├ ○ /_not-found                          873 B          [37m[1m88.1 kB[22m[39m
├ ○ /dashboard                           3.88 kB         [37m[1m131 kB[22m[39m
├ ○ /dashboard/exercise                  4.59 kB         [37m[1m138 kB[22m[39m
├ ○ /dashboard/flashcards                3.68 kB         [37m[1m131 kB[22m[39m
├ ○ /dashboard/history                   4.44 kB         [37m[1m138 kB[22m[39m
├ ○ /dashboard/profile                   7.44 kB        [37m[1m94.7 kB[22m[39m
├ ○ /dashboard/progress                  145 B          [37m[1m87.4 kB[22m[39m
├ ○ /dashboard/reading                   5.29 kB        [37m[1m99.2 kB[22m[39m
├ ○ /dashboard/settings                  4.4 kB          [37m[1m131 kB[22m[39m
├ ○ /dashboard/settings/privacy          4.27 kB         [37m[1m152 kB[22m[39m
├ ○ /dashboard/writing                   6.67 kB         [37m[1m154 kB[22m[39m
├ ○ /login                               2.83 kB         [37m[1m158 kB[22m[39m
└ ○ /register                            4.14 kB         [37m[1m159 kB[22m[39m
+ First Load JS shared by all            [37m[1m87.2 kB[22m[39m
  ├ chunks/47c975b3-597e6b1cd9d9714b.js  53.7 kB
  ├ chunks/81-9c0789fba204d5d1.js        31.6 kB
  └ other shared chunks (total)          1.96 kB


○  (Static)  prerendered as static content

[?25h
